<?xml version="1.0" encoding="UTF-8"?>
<!-- Generated by org.testng.reporters.JUnitReportReporter -->
<testsuite hostname="DESKTOP-SQVFKUS" failures="0" tests="2" name="tests.LoginTest" time="25.638" errors="0" timestamp="2019-12-03T20:41:55 CET" skipped="0">
  <testcase classname="tests.LoginTest" name="basicLogin" time="20.687"/>
  <testcase classname="tests.LoginTest" name="Settings" time="4.951"/>
</testsuite> <!-- tests.LoginTest -->
