<?xml version="1.0" encoding="UTF-8"?>
<!-- Generated by org.testng.reporters.JUnitReportReporter -->
<testsuite hostname="DESKTOP-SQVFKUS" failures="0" tests="1" name="Test.Zadatak2" time="4.543" errors="0" timestamp="2019-11-21T21:15:06 CET" skipped="0">
  <testcase classname="Test.Zadatak2" name="country" time="4.543"/>
</testsuite> <!-- Test.Zadatak2 -->
