<?xml version="1.0" encoding="UTF-8"?>
<!-- Generated by org.testng.reporters.JUnitReportReporter -->
<testsuite hostname="DESKTOP-SQVFKUS" failures="0" tests="1" name="tests.HomeTest" time="15.562" errors="0" timestamp="2019-11-28T21:47:51 CET" skipped="0">
  <testcase classname="tests.HomeTest" name="Login" time="15.562"/>
</testsuite> <!-- tests.HomeTest -->
