<?xml version="1.0" encoding="UTF-8"?>
<!-- Generated by org.testng.reporters.JUnitReportReporter -->
<testsuite hostname="DESKTOP-SQVFKUS" failures="0" tests="1" name="testovi.UdemyTest" time="12.398" errors="0" timestamp="2019-11-26T20:13:08 CET" skipped="0">
  <testcase classname="testovi.UdemyTest" name="Search" time="12.398"/>
</testsuite> <!-- testovi.UdemyTest -->
