<?xml version="1.0" encoding="UTF-8"?>
<!-- Generated by org.testng.reporters.JUnitReportReporter -->
<testsuite hostname="DESKTOP-SQVFKUS" failures="0" tests="1" name="Test.Zadatak3" time="4.952" errors="0" timestamp="2019-11-22T18:10:55 CET" skipped="0">
  <testcase classname="Test.Zadatak3" name="testiranje" time="4.952"/>
</testsuite> <!-- Test.Zadatak3 -->
