<?xml version="1.0" encoding="UTF-8"?>
<!-- Generated by org.testng.reporters.JUnitReportReporter -->
<testsuite hostname="DESKTOP-SQVFKUS" failures="0" tests="2" name="Test.Zadatak5" time="27.195" errors="0" timestamp="2019-11-22T21:23:51 CET" skipped="0">
  <testcase classname="Test.Zadatak5" name="leskovac" time="15.361"/>
  <testcase classname="Test.Zadatak5" name="prokuplje" time="11.834"/>
</testsuite> <!-- Test.Zadatak5 -->
