<?xml version="1.0" encoding="UTF-8"?>
<!-- Generated by org.testng.reporters.JUnitReportReporter -->
<testsuite hostname="DESKTOP-SQVFKUS" failures="0" tests="1" name="testovi.SearchTest" time="13.945" errors="0" timestamp="2019-11-25T19:59:15 CET" skipped="0">
  <testcase classname="testovi.SearchTest" name="SearchCount" time="13.945"/>
</testsuite> <!-- testovi.SearchTest -->
